Base path: C:/Program Files (x86)/Unity/Editor/Data
Pipe name: \\.\pipe\UnityShaderCompiler-1-9116
Cmd: getPlatforms
Cmd: compileSnippet
  api=0 type=0 insize=1603 outsize=1163 kw= ok=1
Cmd: compileSnippet
  api=1 type=1 insize=1603 outsize=299 kw= ok=1
Cmd: compileSnippet
  api=0 type=0 insize=1603 outsize=1163 kw= ok=1
Cmd: compileSnippet
  api=1 type=1 insize=1603 outsize=309 kw= ok=1
Cmd: compileSnippet
  api=0 type=0 insize=2934 outsize=521 kw= ok=1
Cmd: compileSnippet
  api=0 type=1 insize=2934 outsize=725 kw= ok=1
Cmd: compileSnippet
  api=1 type=1 insize=2925 outsize=336 kw= ok=1
Cmd: compileSnippet
  api=8 type=1 insize=2924 outsize=2608 kw= ok=1
Cmd: compileSnippet
  api=1 type=0 insize=2936 outsize=437 kw= ok=1
Cmd: compileSnippet
  api=1 type=1 insize=2936 outsize=553 kw= ok=1
